[+] Containers:
 |- [+] Container: /Game/MapSystemDemo/Maps/WordPartition/MapSystemMap_WP
 |   |- [+] ActorDescs:
 |   |   |- Guid:B298D15F4FEBD60F2C9575AEA8A513A0 NativeClass:/Script/Engine.WorldDataLayers Name:WorldDataLayers Label:WorldDataLayers SpatiallyLoaded:false EditorBounds:IsValid=false, Min=(X=0.000 Y=0.000 Z=0.000), Max=(X=0.000 Y=0.000 Z=0.000) RuntimeBounds:IsValid=false, Min=(X=0.000 Y=0.000 Z=0.000), Max=(X=0.000 Y=0.000 Z=0.000) RuntimeGrid:None EditorOnly:false RuntimeOnly:false HLODRelevant:false ListedInSceneOutliner:true IsMainWorldOnly:true
 |   |- [+] Clusters:
 |   |   |- [+] [  0]
 |   |   |   |- Guid:B298D15F4FEBD60F2C9575AEA8A513A0 NativeClass:/Script/Engine.WorldDataLayers Name:WorldDataLayers Label:WorldDataLayers SpatiallyLoaded:false EditorBounds:IsValid=false, Min=(X=0.000 Y=0.000 Z=0.000), Max=(X=0.000 Y=0.000 Z=0.000) RuntimeBounds:IsValid=false, Min=(X=0.000 Y=0.000 Z=0.000), Max=(X=0.000 Y=0.000 Z=0.000) RuntimeGrid:None EditorOnly:false RuntimeOnly:false HLODRelevant:false ListedInSceneOutliner:true IsMainWorldOnly:true
 |- ContainerInstances:
 |- [+] MainContainer:
 |   |-        ID: 00000000000000000000000000000000
 |   |-  ParentID: 00000000000000000000000000000000
 |   |-    Bounds: IsValid=false, Min=(X=0.000 Y=0.000 Z=0.000), Max=(X=0.000 Y=0.000 Z=0.000)
 |   |- Transform: 0.000000,0.000000,0.000000|0.000000,0.000000,-0.000000|1.000000,1.000000,1.000000
 |   |- Container: /Game/MapSystemDemo/Maps/WordPartition/MapSystemMap_WP
----------------------------------------------------------------------------------------------------------------
MapSystemMap_WP - Persistent Level
----------------------------------------------------------------------------------------------------------------
[+] Content of MapSystemMap_WP Persistent Level
 |- Always loaded Actor Count: 1 
 |- Actor Path: /Game/MapSystemDemo/Maps/WordPartition/MapSystemMap_WP.MapSystemMap_WP:PersistentLevel.WorldDataLayers
 |- Actor Package: /Game/__ExternalActors__/MapSystemDemo/Maps/WordPartition/MapSystemMap_WP/C/S7/ETLUT7GA029WCMILR7FWIJ

----------------------------------------------------------------------------------------------------------------
MapSystemMap_WP - Runtime Hash Set
----------------------------------------------------------------------------------------------------------------

